0 info it worked if it ends with ok
1 verbose cli [ 'C:\\Program Files\\nodejs\\node.exe',
1 verbose cli   'C:\\Program Files\\nodejs\\node_modules\\npm\\bin\\npm-cli.js',
1 verbose cli   'run',
1 verbose cli   'start' ]
2 info using npm@4.1.2
3 info using node@v7.7.3
4 verbose run-script [ 'prestart', 'start', 'poststart' ]
5 info lifecycle kanban@1.0.0~prestart: kanban@1.0.0
6 silly lifecycle kanban@1.0.0~prestart: no script for prestart, continuing
7 info lifecycle kanban@1.0.0~start: kanban@1.0.0
8 verbose lifecycle kanban@1.0.0~start: unsafe-perm in lifecycle true
9 verbose lifecycle kanban@1.0.0~start: PATH: C:\Program Files\nodejs\node_modules\npm\bin\node-gyp-bin;C:\dev\react\ch05_40\kanban05_40\node_modules\.bin;C:\Python3\Scripts\;C:\Python3\;C:\ProgramData\Oracle\Java\javapath;C:\Program Files (x86)\Intel\iCLS Client\;C:\Program Files\Intel\iCLS Client\;C:\Windows\system32;C:\Windows;C:\Windows\System32\Wbem;C:\Windows\System32\WindowsPowerShell\v1.0\;C:\Program Files\Intel\Intel(R) Management Engine Components\DAL;C:\Program Files (x86)\Intel\Intel(R) Management Engine Components\DAL;C:\Program Files\Intel\Intel(R) Management Engine Components\IPT;C:\Program Files (x86)\Intel\Intel(R) Management Engine Components\IPT;C:\Program Files (x86)\ATI Technologies\ATI.ACE\Core-Static;C:\Program Files\Java\jdk1.8.0_111\bin;C:\Program Files (x86)\PuTTY\;C:\Go\bin;C:\dev\maven\bin;C:\Program Files\Git\cmd;c:\python27;C:\Program Files\Microsoft Windows Performance Toolkit\;C:\Program Files (x86)\Windows Kits\8.1\Windows Performance Toolkit\;c:\dev\curl;C:\Program Files\nodejs\;C:\Program Files (x86)\Brackets\command;C:\Program Files (x86)\Yarn\bin;C:\Users\stepano\AppData\Local\Microsoft\WindowsApps;;C:\Users\stepano\AppData\Roaming\npm;C:\Users\stepano\AppData\Local\Yarn\bin;C:\Program Files\Microsoft VS Code\bin
10 verbose lifecycle kanban@1.0.0~start: CWD: C:\dev\react\ch05_40\kanban05_40
11 silly lifecycle kanban@1.0.0~start: Args: [ '/d /s /c',
11 silly lifecycle   'cross-env NODE_ENV=development node_modules/.bin/webpack-dev-server --hot --open' ]
12 silly lifecycle kanban@1.0.0~start: Returned: code: 3221225786  signal: null
13 info lifecycle kanban@1.0.0~start: Failed to exec start script
14 verbose stack Error: kanban@1.0.0 start: `cross-env NODE_ENV=development node_modules/.bin/webpack-dev-server --hot --open`
14 verbose stack Exit status 3221225786
14 verbose stack     at EventEmitter.<anonymous> (C:\Program Files\nodejs\node_modules\npm\lib\utils\lifecycle.js:279:16)
14 verbose stack     at emitTwo (events.js:106:13)
14 verbose stack     at EventEmitter.emit (events.js:194:7)
14 verbose stack     at ChildProcess.<anonymous> (C:\Program Files\nodejs\node_modules\npm\lib\utils\spawn.js:40:14)
14 verbose stack     at emitTwo (events.js:106:13)
14 verbose stack     at ChildProcess.emit (events.js:194:7)
14 verbose stack     at maybeClose (internal/child_process.js:899:16)
14 verbose stack     at Process.ChildProcess._handle.onexit (internal/child_process.js:226:5)
15 verbose pkgid kanban@1.0.0
16 verbose cwd C:\dev\react\ch05_40\kanban05_40
17 error Windows_NT 10.0.14393
18 error argv "C:\\Program Files\\nodejs\\node.exe" "C:\\Program Files\\nodejs\\node_modules\\npm\\bin\\npm-cli.js" "run" "start"
19 error node v7.7.3
20 error npm  v4.1.2
21 error code ELIFECYCLE
22 error kanban@1.0.0 start: `cross-env NODE_ENV=development node_modules/.bin/webpack-dev-server --hot --open`
22 error Exit status 3221225786
23 error Failed at the kanban@1.0.0 start script 'cross-env NODE_ENV=development node_modules/.bin/webpack-dev-server --hot --open'.
23 error Make sure you have the latest version of node.js and npm installed.
23 error If you do, this is most likely a problem with the kanban package,
23 error not with npm itself.
23 error Tell the author that this fails on your system:
23 error     cross-env NODE_ENV=development node_modules/.bin/webpack-dev-server --hot --open
23 error You can get information on how to open an issue for this project with:
23 error     npm bugs kanban
23 error Or if that isn't available, you can get their info via:
23 error     npm owner ls kanban
23 error There is likely additional logging output above.
24 verbose exit [ 1, true ]
